client/build/app/intermediates/manifest_merge_blame_file/debug/manifest-merger-blame-debug-report.txt
1<?xml version="1.0" encoding="utf-8"?>
2<manifest xmlns:android="http://schemas.android.com/apk/res/android"
3    package="com.sandromaglione.bitplus"
4    android:versionCode="1"
5    android:versionName="0.0.1" >
6
7    <uses-sdk
8        android:minSdkVersion="21"
9        android:targetSdkVersion="28" />
10    <!--
11         Flutter needs it to communicate with the running application
12         to allow setting breakpoints, to provide hot reload, etc.
13    -->
14    <uses-permission android:name="android.permission.INTERNET" />
14-->src\debug\AndroidManifest.xml:6:5-66
14-->src\debug\AndroidManifest.xml:6:22-64
15    <uses-permission android:name="android.permission.ACCESS_NETWORK_STATE" />
15-->[:firebase_analytics] AndroidManifest.xml:7:5-79
15-->[:firebase_analytics] AndroidManifest.xml:7:22-76
16    <uses-permission android:name="android.permission.WAKE_LOCK" />
16-->[:firebase_analytics] AndroidManifest.xml:9:5-68
16-->[:firebase_analytics] AndroidManifest.xml:9:22-65
17    <uses-permission android:name="com.google.android.finsky.permission.BIND_GET_INSTALL_REFERRER_SERVICE" /> <!-- Required by older versions of Google Play services to create IID tokens -->
17-->[com.google.android.gms:play-services-measurement:17.2.0] AndroidManifest.xml:26:5-110
17-->[com.google.android.gms:play-services-measurement:17.2.0] AndroidManifest.xml:26:22-107
18    <uses-permission android:name="com.google.android.c2dm.permission.RECEIVE" />
18-->[com.google.firebase:firebase-iid:20.0.1] AndroidManifest.xml:26:5-82
18-->[com.google.firebase:firebase-iid:20.0.1] AndroidManifest.xml:26:22-79
19    <!--
20 io.flutter.app.FlutterApplication is an android.app.Application that
21         calls FlutterMain.startInitialization(this); in its onCreate method.
22         In most cases you can leave this as-is, but you if you want to provide
23         additional functionality it is fine to subclass or reimplement
24         FlutterApplication and put your custom class here.
25    -->
26    <application
26-->src\main\AndroidManifest.xml:8:5-29:19
27        android:name="io.flutter.app.FlutterApplication"
27-->src\main\AndroidManifest.xml:9:9-57
28        android:appComponentFactory="androidx.core.app.CoreComponentFactory"
28-->[androidx.core:core:1.0.0] AndroidManifest.xml:22:18-86
29        android:debuggable="true"
30        android:icon="@mipmap/ic_launcher"
30-->src\main\AndroidManifest.xml:11:9-43
31        android:label="bitplus" >
31-->src\main\AndroidManifest.xml:10:9-32
32        <activity
32-->src\main\AndroidManifest.xml:12:9-23:20
33            android:name="com.sandromaglione.bitplus.MainActivity"
33-->src\main\AndroidManifest.xml:13:13-41
34            android:configChanges="orientation|keyboardHidden|keyboard|screenSize|smallestScreenSize|locale|layoutDirection|fontScale|screenLayout|density|uiMode"
34-->src\main\AndroidManifest.xml:16:13-163
35            android:hardwareAccelerated="true"
35-->src\main\AndroidManifest.xml:17:13-47
36            android:launchMode="singleTop"
36-->src\main\AndroidManifest.xml:14:13-43
37            android:theme="@style/LaunchTheme"
37-->src\main\AndroidManifest.xml:15:13-47
38            android:windowSoftInputMode="adjustResize" >
38-->src\main\AndroidManifest.xml:18:13-55
39            <intent-filter>
39-->src\main\AndroidManifest.xml:19:13-22:29
40                <action android:name="android.intent.action.MAIN" />
40-->src\main\AndroidManifest.xml:20:17-68
40-->src\main\AndroidManifest.xml:20:25-66
41
42                <category android:name="android.intent.category.LAUNCHER" />
42-->src\main\AndroidManifest.xml:21:17-76
42-->src\main\AndroidManifest.xml:21:27-74
43            </intent-filter>
44        </activity>
45        <!--
46             Don't delete the meta-data below.
47             This is used by the Flutter tool to generate GeneratedPluginRegistrant.java
48        -->
49        <meta-data
49-->src\main\AndroidManifest.xml:26:9-28:33
50            android:name="flutterEmbedding"
50-->src\main\AndroidManifest.xml:27:13-44
51            android:value="2" />
51-->src\main\AndroidManifest.xml:28:13-30
52
53        <service
53-->[:firebase_crashlytics] AndroidManifest.xml:8:9-12:19
54            android:name="com.google.firebase.components.ComponentDiscoveryService"
54-->[:firebase_crashlytics] AndroidManifest.xml:8:18-89
55            android:directBootAware="true"
55-->[com.google.firebase:firebase-common:19.3.0] AndroidManifest.xml:34:13-43
56            android:exported="false" >
56-->[com.google.firebase:firebase-perf:19.0.3] AndroidManifest.xml:33:13-37
57            <meta-data
57-->[:firebase_crashlytics] AndroidManifest.xml:9:13-11:85
58                android:name="com.google.firebase.components:io.flutter.plugins.firebase.crashlytics.firebasecrashlytics.FlutterFirebaseAppRegistrar"
58-->[:firebase_crashlytics] AndroidManifest.xml:10:17-150
59                android:value="com.google.firebase.components.ComponentRegistrar" />
59-->[:firebase_crashlytics] AndroidManifest.xml:11:17-82
60            <meta-data
60-->[:firebase_auth] AndroidManifest.xml:9:13-11:85
61                android:name="com.google.firebase.components:io.flutter.plugins.firebaseauth.FlutterFirebaseAppRegistrar"
61-->[:firebase_auth] AndroidManifest.xml:10:17-122
62                android:value="com.google.firebase.components.ComponentRegistrar" />
62-->[:firebase_auth] AndroidManifest.xml:11:17-82
63            <meta-data
63-->[:cloud_firestore] AndroidManifest.xml:9:13-11:85
64                android:name="com.google.firebase.components:io.flutter.plugins.firebase.cloudfirestore.FlutterFirebaseAppRegistrar"
64-->[:cloud_firestore] AndroidManifest.xml:10:17-133
65                android:value="com.google.firebase.components.ComponentRegistrar" />
65-->[:cloud_firestore] AndroidManifest.xml:11:17-82
66            <meta-data
66-->[:firebase_core] AndroidManifest.xml:9:13-11:85
67                android:name="com.google.firebase.components:io.flutter.plugins.firebase.core.FlutterFirebaseAppRegistrar"
67-->[:firebase_core] AndroidManifest.xml:10:17-123
68                android:value="com.google.firebase.components.ComponentRegistrar" />
68-->[:firebase_core] AndroidManifest.xml:11:17-82
69            <meta-data
69-->[:firebase_performance] AndroidManifest.xml:11:13-13:85
70                android:name="com.google.firebase.components:io.flutter.plugins.firebaseperformance.FlutterFirebaseAppRegistrar"
70-->[:firebase_performance] AndroidManifest.xml:12:17-129
71                android:value="com.google.firebase.components.ComponentRegistrar" />
71-->[:firebase_performance] AndroidManifest.xml:13:17-82
72            <meta-data
72-->[:firebase_messaging] AndroidManifest.xml:14:13-16:85
73                android:name="com.google.firebase.components:io.flutter.plugins.firebasemessaging.FlutterFirebaseAppRegistrar"
73-->[:firebase_messaging] AndroidManifest.xml:15:17-127
74                android:value="com.google.firebase.components.ComponentRegistrar" />
74-->[:firebase_messaging] AndroidManifest.xml:16:17-82
75            <meta-data
75-->[:firebase_analytics] AndroidManifest.xml:13:13-15:85
76                android:name="com.google.firebase.components:io.flutter.plugins.firebaseanalytics.FlutterFirebaseAppRegistrar"
76-->[:firebase_analytics] AndroidManifest.xml:14:17-127
77                android:value="com.google.firebase.components.ComponentRegistrar" />
77-->[:firebase_analytics] AndroidManifest.xml:15:17-82
78            <meta-data
78-->[com.google.firebase:firebase-perf:19.0.3] AndroidManifest.xml:34:13-36:85
79                android:name="com.google.firebase.components:com.google.firebase.perf.FirebasePerfRegistrar"
79-->[com.google.firebase:firebase-perf:19.0.3] AndroidManifest.xml:35:17-109
80                android:value="com.google.firebase.components.ComponentRegistrar" />
80-->[com.google.firebase:firebase-perf:19.0.3] AndroidManifest.xml:36:17-82
81            <meta-data
81-->[com.google.android.gms:play-services-measurement-api:17.2.0] AndroidManifest.xml:30:13-32:85
82                android:name="com.google.firebase.components:com.google.firebase.analytics.connector.internal.AnalyticsConnectorRegistrar"
82-->[com.google.android.gms:play-services-measurement-api:17.2.0] AndroidManifest.xml:31:17-139
83                android:value="com.google.firebase.components.ComponentRegistrar" />
83-->[com.google.android.gms:play-services-measurement-api:17.2.0] AndroidManifest.xml:32:17-82
84            <meta-data
84-->[com.google.firebase:firebase-config:19.0.4] AndroidManifest.xml:32:13-34:85
85                android:name="com.google.firebase.components:com.google.firebase.remoteconfig.RemoteConfigRegistrar"
85-->[com.google.firebase:firebase-config:19.0.4] AndroidManifest.xml:33:17-117
86                android:value="com.google.firebase.components.ComponentRegistrar" />
86-->[com.google.firebase:firebase-config:19.0.4] AndroidManifest.xml:34:17-82
87            <meta-data
87-->[com.google.firebase:firebase-iid:20.0.1] AndroidManifest.xml:32:13-34:85
88                android:name="com.google.firebase.components:com.google.firebase.iid.Registrar"
88-->[com.google.firebase:firebase-iid:20.0.1] AndroidManifest.xml:33:17-96
89                android:value="com.google.firebase.components.ComponentRegistrar" />
89-->[com.google.firebase:firebase-iid:20.0.1] AndroidManifest.xml:34:17-82
90            <meta-data
90-->[com.google.firebase:firebase-firestore:21.3.0] AndroidManifest.xml:20:13-22:85
91                android:name="com.google.firebase.components:com.google.firebase.firestore.FirestoreRegistrar"
91-->[com.google.firebase:firebase-firestore:21.3.0] AndroidManifest.xml:21:17-111
92                android:value="com.google.firebase.components.ComponentRegistrar" />
92-->[com.google.firebase:firebase-firestore:21.3.0] AndroidManifest.xml:22:17-82
93            <meta-data
93-->[com.google.firebase:firebase-auth:19.2.0] AndroidManifest.xml:36:13-38:85
94                android:name="com.google.firebase.components:com.google.firebase.auth.FirebaseAuthRegistrar"
94-->[com.google.firebase:firebase-auth:19.2.0] AndroidManifest.xml:37:17-109
95                android:value="com.google.firebase.components.ComponentRegistrar" />
95-->[com.google.firebase:firebase-auth:19.2.0] AndroidManifest.xml:38:17-82
96            <meta-data
96-->[com.google.firebase:firebase-abt:19.0.0] AndroidManifest.xml:13:13-15:85
97                android:name="com.google.firebase.components:com.google.firebase.abt.component.AbtRegistrar"
97-->[com.google.firebase:firebase-abt:19.0.0] AndroidManifest.xml:14:17-109
98                android:value="com.google.firebase.components.ComponentRegistrar" />
98-->[com.google.firebase:firebase-abt:19.0.0] AndroidManifest.xml:15:17-82
99        </service>
100        <service android:name="io.flutter.plugins.firebasemessaging.FlutterFirebaseMessagingService" >
100-->[:firebase_messaging] AndroidManifest.xml:8:9-12:19
100-->[:firebase_messaging] AndroidManifest.xml:8:18-101
101            <intent-filter>
101-->[:firebase_messaging] AndroidManifest.xml:9:13-11:29
102                <action android:name="com.google.firebase.MESSAGING_EVENT" />
102-->[:firebase_messaging] AndroidManifest.xml:10:17-78
102-->[:firebase_messaging] AndroidManifest.xml:10:25-75
103            </intent-filter>
104        </service>
105
106        <provider
106-->[com.google.firebase:firebase-perf:19.0.3] AndroidManifest.xml:25:9-29:39
107            android:name="com.google.firebase.perf.provider.FirebasePerfProvider"
107-->[com.google.firebase:firebase-perf:19.0.3] AndroidManifest.xml:26:13-82
108            android:authorities="com.sandromaglione.bitplus.firebaseperfprovider"
108-->[com.google.firebase:firebase-perf:19.0.3] AndroidManifest.xml:27:13-72
109            android:exported="false"
109-->[com.google.firebase:firebase-perf:19.0.3] AndroidManifest.xml:28:13-37
110            android:initOrder="101" />
110-->[com.google.firebase:firebase-perf:19.0.3] AndroidManifest.xml:29:13-36
111
112        <receiver
112-->[com.google.android.gms:play-services-measurement:17.2.0] AndroidManifest.xml:29:9-33:20
113            android:name="com.google.android.gms.measurement.AppMeasurementReceiver"
113-->[com.google.android.gms:play-services-measurement:17.2.0] AndroidManifest.xml:30:13-85
114            android:enabled="true"
114-->[com.google.android.gms:play-services-measurement:17.2.0] AndroidManifest.xml:31:13-35
115            android:exported="false" >
115-->[com.google.android.gms:play-services-measurement:17.2.0] AndroidManifest.xml:32:13-37
116        </receiver>
117        <receiver
117-->[com.google.android.gms:play-services-measurement:17.2.0] AndroidManifest.xml:34:9-42:20
118            android:name="com.google.android.gms.measurement.AppMeasurementInstallReferrerReceiver"
118-->[com.google.android.gms:play-services-measurement:17.2.0] AndroidManifest.xml:35:13-100
119            android:enabled="true"
119-->[com.google.android.gms:play-services-measurement:17.2.0] AndroidManifest.xml:36:13-35
120            android:exported="true"
120-->[com.google.android.gms:play-services-measurement:17.2.0] AndroidManifest.xml:37:13-36
121            android:permission="android.permission.INSTALL_PACKAGES" >
121-->[com.google.android.gms:play-services-measurement:17.2.0] AndroidManifest.xml:38:13-69
122            <intent-filter>
122-->[com.google.android.gms:play-services-measurement:17.2.0] AndroidManifest.xml:39:13-41:29
123                <action android:name="com.android.vending.INSTALL_REFERRER" />
123-->[com.google.android.gms:play-services-measurement:17.2.0] AndroidManifest.xml:40:17-79
123-->[com.google.android.gms:play-services-measurement:17.2.0] AndroidManifest.xml:40:25-76
124            </intent-filter>
125        </receiver>
126
127        <service
127-->[com.google.android.gms:play-services-measurement:17.2.0] AndroidManifest.xml:44:9-47:40
128            android:name="com.google.android.gms.measurement.AppMeasurementService"
128-->[com.google.android.gms:play-services-measurement:17.2.0] AndroidManifest.xml:45:13-84
129            android:enabled="true"
129-->[com.google.android.gms:play-services-measurement:17.2.0] AndroidManifest.xml:46:13-35
130            android:exported="false" />
130-->[com.google.android.gms:play-services-measurement:17.2.0] AndroidManifest.xml:47:13-37
131        <service
131-->[com.google.android.gms:play-services-measurement:17.2.0] AndroidManifest.xml:48:9-52:72
132            android:name="com.google.android.gms.measurement.AppMeasurementJobService"
132-->[com.google.android.gms:play-services-measurement:17.2.0] AndroidManifest.xml:49:13-87
133            android:enabled="true"
133-->[com.google.android.gms:play-services-measurement:17.2.0] AndroidManifest.xml:50:13-35
134            android:exported="false"
134-->[com.google.android.gms:play-services-measurement:17.2.0] AndroidManifest.xml:51:13-37
135            android:permission="android.permission.BIND_JOB_SERVICE" />
135-->[com.google.android.gms:play-services-measurement:17.2.0] AndroidManifest.xml:52:13-69
136        <!--
137             FirebaseMessagingService performs security checks at runtime,
138             but set to not exported to explicitly avoid allowing another app to call it.
139        -->
140        <service
140-->[com.google.firebase:firebase-messaging:20.0.1] AndroidManifest.xml:28:9-34:19
141            android:name="com.google.firebase.messaging.FirebaseMessagingService"
141-->[com.google.firebase:firebase-messaging:20.0.1] AndroidManifest.xml:29:13-82
142            android:exported="false" >
142-->[com.google.firebase:firebase-messaging:20.0.1] AndroidManifest.xml:30:13-37
143            <intent-filter android:priority="-500" >
143-->[:firebase_messaging] AndroidManifest.xml:9:13-11:29
144                <action android:name="com.google.firebase.MESSAGING_EVENT" />
144-->[:firebase_messaging] AndroidManifest.xml:10:17-78
144-->[:firebase_messaging] AndroidManifest.xml:10:25-75
145            </intent-filter>
146        </service>
147
148        <receiver
148-->[com.google.firebase:firebase-iid:20.0.1] AndroidManifest.xml:37:9-44:20
149            android:name="com.google.firebase.iid.FirebaseInstanceIdReceiver"
149-->[com.google.firebase:firebase-iid:20.0.1] AndroidManifest.xml:38:13-78
150            android:exported="true"
150-->[com.google.firebase:firebase-iid:20.0.1] AndroidManifest.xml:39:13-36
151            android:permission="com.google.android.c2dm.permission.SEND" >
151-->[com.google.firebase:firebase-iid:20.0.1] AndroidManifest.xml:40:13-73
152            <intent-filter>
152-->[com.google.firebase:firebase-iid:20.0.1] AndroidManifest.xml:41:13-43:29
153                <action android:name="com.google.android.c2dm.intent.RECEIVE" />
153-->[com.google.firebase:firebase-iid:20.0.1] AndroidManifest.xml:42:17-81
153-->[com.google.firebase:firebase-iid:20.0.1] AndroidManifest.xml:42:25-78
154            </intent-filter>
155        </receiver>
156
157        <activity
157-->[com.google.firebase:firebase-auth:19.2.0] AndroidManifest.xml:24:9-31:50
158            android:name="com.google.firebase.auth.internal.FederatedSignInActivity"
158-->[com.google.firebase:firebase-auth:19.2.0] AndroidManifest.xml:25:13-85
159            android:excludeFromRecents="true"
159-->[com.google.firebase:firebase-auth:19.2.0] AndroidManifest.xml:26:13-46
160            android:exported="true"
160-->[com.google.firebase:firebase-auth:19.2.0] AndroidManifest.xml:27:13-36
161            android:launchMode="singleTask"
161-->[com.google.firebase:firebase-auth:19.2.0] AndroidManifest.xml:28:13-44
162            android:permission="com.google.firebase.auth.api.gms.permission.LAUNCH_FEDERATED_SIGN_IN"
162-->[com.google.firebase:firebase-auth:19.2.0] AndroidManifest.xml:29:13-102
163            android:theme="@android:style/Theme.Translucent.NoTitleBar" />
163-->[com.google.firebase:firebase-auth:19.2.0] AndroidManifest.xml:30:13-72
164
165        <provider
165-->[com.google.firebase:firebase-common:19.3.0] AndroidManifest.xml:26:9-30:39
166            android:name="com.google.firebase.provider.FirebaseInitProvider"
166-->[com.google.firebase:firebase-common:19.3.0] AndroidManifest.xml:27:13-77
167            android:authorities="com.sandromaglione.bitplus.firebaseinitprovider"
167-->[com.google.firebase:firebase-common:19.3.0] AndroidManifest.xml:28:13-72
168            android:exported="false"
168-->[com.google.firebase:firebase-common:19.3.0] AndroidManifest.xml:29:13-37
169            android:initOrder="100" />
169-->[com.google.firebase:firebase-common:19.3.0] AndroidManifest.xml:30:13-36
170
171        <activity
171-->[com.google.android.gms:play-services-auth:16.0.1] AndroidManifest.xml:23:9-27:75
172            android:name="com.google.android.gms.auth.api.signin.internal.SignInHubActivity"
172-->[com.google.android.gms:play-services-auth:16.0.1] AndroidManifest.xml:24:13-93
173            android:excludeFromRecents="true"
173-->[com.google.android.gms:play-services-auth:16.0.1] AndroidManifest.xml:25:13-46
174            android:exported="false"
174-->[com.google.android.gms:play-services-auth:16.0.1] AndroidManifest.xml:26:13-37
175            android:theme="@android:style/Theme.Translucent.NoTitleBar" />
175-->[com.google.android.gms:play-services-auth:16.0.1] AndroidManifest.xml:27:13-72
176        <!--
177            Service handling Google Sign-In user revocation. For apps that do not integrate with
178            Google Sign-In, this service will never be started.
179        -->
180        <service
180-->[com.google.android.gms:play-services-auth:16.0.1] AndroidManifest.xml:33:9-36:110
181            android:name="com.google.android.gms.auth.api.signin.RevocationBoundService"
181-->[com.google.android.gms:play-services-auth:16.0.1] AndroidManifest.xml:34:13-89
182            android:exported="true"
182-->[com.google.android.gms:play-services-auth:16.0.1] AndroidManifest.xml:35:13-36
183            android:permission="com.google.android.gms.auth.api.signin.permission.REVOCATION_NOTIFICATION" />
183-->[com.google.android.gms:play-services-auth:16.0.1] AndroidManifest.xml:36:13-107
184
185        <activity
185-->[com.google.android.gms:play-services-base:17.1.0] AndroidManifest.xml:23:9-26:75
186            android:name="com.google.android.gms.common.api.GoogleApiActivity"
186-->[com.google.android.gms:play-services-base:17.1.0] AndroidManifest.xml:24:13-79
187            android:exported="false"
187-->[com.google.android.gms:play-services-base:17.1.0] AndroidManifest.xml:25:13-37
188            android:theme="@android:style/Theme.Translucent.NoTitleBar" />
188-->[com.google.android.gms:play-services-base:17.1.0] AndroidManifest.xml:26:13-72
189
190        <meta-data
190-->[com.google.android.gms:play-services-basement:17.0.0] AndroidManifest.xml:23:9-25:69
191            android:name="com.google.android.gms.version"
191-->[com.google.android.gms:play-services-basement:17.0.0] AndroidManifest.xml:24:13-58
192            android:value="@integer/google_play_services_version" />
192-->[com.google.android.gms:play-services-basement:17.0.0] AndroidManifest.xml:25:13-66
193
194        <provider
194-->[com.crashlytics.sdk.android:crashlytics:2.9.9] AndroidManifest.xml:12:9-16:38
195            android:name="com.crashlytics.android.CrashlyticsInitProvider"
195-->[com.crashlytics.sdk.android:crashlytics:2.9.9] AndroidManifest.xml:13:13-75
196            android:authorities="com.sandromaglione.bitplus.crashlyticsinitprovider"
196-->[com.crashlytics.sdk.android:crashlytics:2.9.9] AndroidManifest.xml:14:13-75
197            android:exported="false"
197-->[com.crashlytics.sdk.android:crashlytics:2.9.9] AndroidManifest.xml:15:13-37
198            android:initOrder="90" />
198-->[com.crashlytics.sdk.android:crashlytics:2.9.9] AndroidManifest.xml:16:13-35
199    </application>
200
201</manifest>